[2023-07-11T17:53:06.491+0000] {taskinstance.py:1103} INFO - Dependencies all met for dep_context=non-requeueable deps ti=<TaskInstance: Oracle_to_Filestore_Concurrent.execute_task2 manual__2023-07-11T17:53:05.576915+00:00 [queued]>
[2023-07-11T17:53:06.495+0000] {taskinstance.py:1103} INFO - Dependencies all met for dep_context=requeueable deps ti=<TaskInstance: Oracle_to_Filestore_Concurrent.execute_task2 manual__2023-07-11T17:53:05.576915+00:00 [queued]>
[2023-07-11T17:53:06.496+0000] {taskinstance.py:1308} INFO - Starting attempt 1 of 1
[2023-07-11T17:53:06.502+0000] {taskinstance.py:1327} INFO - Executing <Task(_PythonDecoratedOperator): execute_task2> on 2023-07-11 17:53:05.576915+00:00
[2023-07-11T17:53:06.506+0000] {standard_task_runner.py:57} INFO - Started process 63 to run task
[2023-07-11T17:53:06.508+0000] {standard_task_runner.py:84} INFO - Running: ['***', 'tasks', 'run', 'Oracle_to_Filestore_Concurrent', 'execute_task2', 'manual__2023-07-11T17:53:05.576915+00:00', '--job-id', '1009', '--raw', '--subdir', 'DAGS_FOLDER/Python-Delta-Lake/Dags/SparkOracle2FileStoreDag.py', '--cfg-path', '/tmp/tmpb50rja6o']
[2023-07-11T17:53:06.509+0000] {standard_task_runner.py:85} INFO - Job 1009: Subtask execute_task2
[2023-07-11T17:53:06.536+0000] {task_command.py:410} INFO - Running <TaskInstance: Oracle_to_Filestore_Concurrent.execute_task2 manual__2023-07-11T17:53:05.576915+00:00 [running]> on host 876817aabcc6
[2023-07-11T17:53:06.594+0000] {taskinstance.py:1545} INFO - Exporting env vars: AIRFLOW_CTX_DAG_EMAIL='phomsophaN@saccounty.net' AIRFLOW_CTX_DAG_OWNER='***' AIRFLOW_CTX_DAG_ID='Oracle_to_Filestore_Concurrent' AIRFLOW_CTX_TASK_ID='execute_task2' AIRFLOW_CTX_EXECUTION_DATE='2023-07-11T17:53:05.576915+00:00' AIRFLOW_CTX_TRY_NUMBER='1' AIRFLOW_CTX_DAG_RUN_ID='manual__2023-07-11T17:53:05.576915+00:00'
[2023-07-11T17:53:06.595+0000] {logging_mixin.py:149} INFO - SparkSession Not found, creating one
[2023-07-11T17:53:06.595+0000] {logging_mixin.py:149} INFO - SparkSession Not found, creating one
[2023-07-11T17:53:06.595+0000] {logging_mixin.py:149} INFO - setting up configured spark connection Cluster
[2023-07-11T17:53:06.595+0000] {logging_mixin.py:149} INFO - Initializing support for delta lake spark context
[2023-07-11T17:53:09.636+0000] {logging_mixin.py:149} INFO - Returning Spark Context
[2023-07-11T17:53:09.637+0000] {logging_mixin.py:149} INFO - Spark Connection check - session found
[2023-07-11T17:53:10.222+0000] {logging_mixin.py:149} INFO - Attempt to read Msql Table by query: select * from DeltaLake.OracleTablesLog
        where OracleRows < 1000000 AND OracleRows > 10000 AND OracleSizeInMB < 2500 AND CountyFilter IS NOT NULL and PrimaryKeyColumn !=''
[2023-07-11T17:53:13.858+0000] {warnings.py:109} WARNING - /home/***/.local/lib/python3.10/site-packages/pyspark/sql/pandas/conversion.py:248: FutureWarning: Passing unit-less datetime64 dtype to .astype is deprecated and will raise in a future version. Pass 'datetime64[ns]' instead
  series = series.astype(t, copy=False)

[2023-07-11T17:53:13.859+0000] {warnings.py:109} WARNING - /home/***/.local/lib/python3.10/site-packages/pyspark/sql/pandas/conversion.py:248: FutureWarning: Passing unit-less datetime64 dtype to .astype is deprecated and will raise in a future version. Pass 'datetime64[ns]' instead
  series = series.astype(t, copy=False)

[2023-07-11T17:53:13.860+0000] {warnings.py:109} WARNING - /home/***/.local/lib/python3.10/site-packages/pyspark/sql/pandas/conversion.py:248: FutureWarning: Passing unit-less datetime64 dtype to .astype is deprecated and will raise in a future version. Pass 'datetime64[ns]' instead
  series = series.astype(t, copy=False)

[2023-07-11T17:53:13.864+0000] {warnings.py:109} WARNING - /home/***/.local/lib/python3.10/site-packages/pyspark/sql/pandas/conversion.py:248: FutureWarning: Passing unit-less datetime64 dtype to .astype is deprecated and will raise in a future version. Pass 'datetime64[ns]' instead
  series = series.astype(t, copy=False)

[2023-07-11T17:53:13.864+0000] {warnings.py:109} WARNING - /home/***/.local/lib/python3.10/site-packages/pyspark/sql/pandas/conversion.py:248: FutureWarning: Passing unit-less datetime64 dtype to .astype is deprecated and will raise in a future version. Pass 'datetime64[ns]' instead
  series = series.astype(t, copy=False)

[2023-07-11T17:53:13.865+0000] {warnings.py:109} WARNING - /home/***/.local/lib/python3.10/site-packages/pyspark/sql/pandas/conversion.py:248: FutureWarning: Passing unit-less datetime64 dtype to .astype is deprecated and will raise in a future version. Pass 'datetime64[ns]' instead
  series = series.astype(t, copy=False)

[2023-07-11T17:53:13.866+0000] {warnings.py:109} WARNING - /home/***/.local/lib/python3.10/site-packages/pyspark/sql/pandas/conversion.py:248: FutureWarning: Passing unit-less datetime64 dtype to .astype is deprecated and will raise in a future version. Pass 'datetime64[ns]' instead
  series = series.astype(t, copy=False)

[2023-07-11T17:53:13.867+0000] {warnings.py:109} WARNING - /home/***/.local/lib/python3.10/site-packages/pyspark/sql/pandas/conversion.py:248: FutureWarning: Passing unit-less datetime64 dtype to .astype is deprecated and will raise in a future version. Pass 'datetime64[ns]' instead
  series = series.astype(t, copy=False)

[2023-07-11T17:53:13.881+0000] {SparkOracle2FileStore.py:81} INFO - Skipping log tables and reading tables directly
[2023-07-11T17:53:13.882+0000] {SparkOracle2FileStore.py:91} INFO - processing 1 out of 22
[2023-07-11T17:53:13.882+0000] {logging_mixin.py:149} INFO - Attempting to get lowest value by column ID on table PR_LRS.TAX_INTRCPT
[2023-07-11T17:53:13.882+0000] {logging_mixin.py:149} INFO - Attempting to read oracle table by query...
[2023-07-11T17:53:15.728+0000] {logging_mixin.py:149} INFO - Attempting to get max value by column ID on table PR_LRS.TAX_INTRCPT
[2023-07-11T17:53:15.728+0000] {logging_mixin.py:149} INFO - Attempting to read oracle table by query...
[2023-07-11T17:53:16.836+0000] {logging_mixin.py:149} INFO - Attempting to read oracle table...
[2023-07-11T17:53:17.447+0000] {SparkOracle2FileStore.py:111} INFO - Filter Processor Disabled
[2023-07-11T17:53:17.447+0000] {logging_mixin.py:149} INFO - Attempting to read oracle rowcount by query...
[2023-07-11T17:53:18.655+0000] {SparkOracle2FileStore.py:114} INFO - 173371
[2023-07-11T17:53:18.655+0000] {logging_mixin.py:149} INFO - Attempting to read oracle rowcount by query...
[2023-07-11T17:53:19.900+0000] {logging_mixin.py:149} INFO - Checking if directory exists:/home/nicholas/dev/output/TAX_INTRCPT
[2023-07-11T17:53:19.900+0000] {logging_mixin.py:149} INFO - Returning False
[2023-07-11T17:53:19.900+0000] {SparkOracle2FileStore.py:176} INFO - Should not go in here if table dir exists
[2023-07-11T17:53:43.595+0000] {SparkOracle2FileStore.py:181} INFO - Table Processing complete for PR_LRS.TAX_INTRCPT
[2023-07-11T17:53:43.702+0000] {SparkOracle2FileStore.py:91} INFO - processing 2 out of 22
[2023-07-11T17:53:43.702+0000] {logging_mixin.py:149} INFO - Attempting to get lowest value by column HST_ID on table PR_LRS.WTW_24_MONTH_SIGN_DATE_HST
[2023-07-11T17:53:43.702+0000] {logging_mixin.py:149} INFO - Attempting to read oracle table by query...
[2023-07-11T17:53:44.884+0000] {logging_mixin.py:149} INFO - Attempting to get max value by column HST_ID on table PR_LRS.WTW_24_MONTH_SIGN_DATE_HST
[2023-07-11T17:53:44.884+0000] {logging_mixin.py:149} INFO - Attempting to read oracle table by query...
[2023-07-11T17:53:46.081+0000] {logging_mixin.py:149} INFO - Attempting to read oracle table...
[2023-07-11T17:53:46.736+0000] {SparkOracle2FileStore.py:111} INFO - Filter Processor Disabled
[2023-07-11T17:53:46.736+0000] {logging_mixin.py:149} INFO - Attempting to read oracle rowcount by query...
[2023-07-11T17:53:48.149+0000] {SparkOracle2FileStore.py:114} INFO - 347499
[2023-07-11T17:53:48.149+0000] {logging_mixin.py:149} INFO - Attempting to read oracle rowcount by query...
[2023-07-11T17:53:49.618+0000] {logging_mixin.py:149} INFO - Checking if directory exists:/home/nicholas/dev/output/WTW_24_MONTH_SIGN_DATE_HST
[2023-07-11T17:53:49.618+0000] {logging_mixin.py:149} INFO - Returning False
[2023-07-11T17:53:49.618+0000] {SparkOracle2FileStore.py:176} INFO - Should not go in here if table dir exists
[2023-07-11T17:54:32.186+0000] {local_task_job_runner.py:291} WARNING - State of this instance has been externally set to success. Terminating instance.
[2023-07-11T17:54:32.187+0000] {process_utils.py:131} INFO - Sending Signals.SIGTERM to group 63. PIDs of all processes in the group: [66, 63]
[2023-07-11T17:54:32.187+0000] {process_utils.py:86} INFO - Sending the signal Signals.SIGTERM to group 63
[2023-07-11T17:54:32.187+0000] {taskinstance.py:1517} ERROR - Received SIGTERM. Terminating subprocesses.
[2023-07-11T17:54:32.187+0000] {clientserver.py:538} INFO - Error while receiving.
Traceback (most recent call last):
  File "/home/airflow/.local/lib/python3.10/site-packages/py4j/clientserver.py", line 511, in send_command
    answer = smart_decode(self.stream.readline()[:-1])
  File "/usr/local/lib/python3.10/socket.py", line 705, in readinto
    return self._sock.recv_into(b)
  File "/home/airflow/.local/lib/python3.10/site-packages/airflow/models/taskinstance.py", line 1519, in signal_handler
    raise AirflowException("Task received SIGTERM signal")
airflow.exceptions.AirflowException: Task received SIGTERM signal
[2023-07-11T17:54:32.188+0000] {clientserver.py:543} INFO - Closing down clientserver connection
[2023-07-11T17:54:32.188+0000] {java_gateway.py:1055} ERROR - Exception while sending command.
Traceback (most recent call last):
  File "/home/airflow/.local/lib/python3.10/site-packages/py4j/clientserver.py", line 511, in send_command
    answer = smart_decode(self.stream.readline()[:-1])
  File "/usr/local/lib/python3.10/socket.py", line 705, in readinto
    return self._sock.recv_into(b)
  File "/home/airflow/.local/lib/python3.10/site-packages/airflow/models/taskinstance.py", line 1519, in signal_handler
    raise AirflowException("Task received SIGTERM signal")
airflow.exceptions.AirflowException: Task received SIGTERM signal

During handling of the above exception, another exception occurred:

Traceback (most recent call last):
  File "/home/airflow/.local/lib/python3.10/site-packages/py4j/java_gateway.py", line 1038, in send_command
    response = connection.send_command(command)
  File "/home/airflow/.local/lib/python3.10/site-packages/py4j/clientserver.py", line 539, in send_command
    raise Py4JNetworkError(
py4j.protocol.Py4JNetworkError: Error while sending or receiving
[2023-07-11T17:54:32.188+0000] {clientserver.py:543} INFO - Closing down clientserver connection
[2023-07-11T17:54:32.188+0000] {logging_mixin.py:149} INFO - Error in writing dataframe:An error occurred while calling o183.save
[2023-07-11T17:54:32.190+0000] {SparkOracle2FileStore.py:181} INFO - Table Processing complete for PR_LRS.WTW_24_MONTH_SIGN_DATE_HST
[2023-07-11T17:54:32.268+0000] {SparkOracle2FileStore.py:91} INFO - processing 3 out of 22
[2023-07-11T17:54:32.269+0000] {logging_mixin.py:149} INFO - Attempting to get lowest value by column ID on table PR_LRS.COUNTY_PARAMTR_ADMIN
[2023-07-11T17:54:32.269+0000] {logging_mixin.py:149} INFO - Attempting to read oracle table by query...
[2023-07-11T17:54:32.604+0000] {clientserver.py:538} INFO - Error while receiving.
Traceback (most recent call last):
  File "/home/airflow/.local/lib/python3.10/site-packages/py4j/clientserver.py", line 516, in send_command
    raise Py4JNetworkError("Answer from Java side is empty")
py4j.protocol.Py4JNetworkError: Answer from Java side is empty
[2023-07-11T17:54:32.604+0000] {clientserver.py:543} INFO - Closing down clientserver connection
[2023-07-11T17:54:32.604+0000] {java_gateway.py:1055} ERROR - Exception while sending command.
Traceback (most recent call last):
  File "/home/airflow/.local/lib/python3.10/site-packages/py4j/clientserver.py", line 516, in send_command
    raise Py4JNetworkError("Answer from Java side is empty")
py4j.protocol.Py4JNetworkError: Answer from Java side is empty

During handling of the above exception, another exception occurred:

Traceback (most recent call last):
  File "/home/airflow/.local/lib/python3.10/site-packages/py4j/java_gateway.py", line 1038, in send_command
    response = connection.send_command(command)
  File "/home/airflow/.local/lib/python3.10/site-packages/py4j/clientserver.py", line 539, in send_command
    raise Py4JNetworkError(
py4j.protocol.Py4JNetworkError: Error while sending or receiving
[2023-07-11T17:54:32.604+0000] {clientserver.py:538} INFO - Error while receiving.
Traceback (most recent call last):
  File "/home/airflow/.local/lib/python3.10/site-packages/py4j/clientserver.py", line 511, in send_command
    answer = smart_decode(self.stream.readline()[:-1])
  File "/usr/local/lib/python3.10/socket.py", line 705, in readinto
    return self._sock.recv_into(b)
ConnectionResetError: [Errno 104] Connection reset by peer
[2023-07-11T17:54:32.605+0000] {clientserver.py:543} INFO - Closing down clientserver connection
[2023-07-11T17:54:32.604+0000] {clientserver.py:543} INFO - Closing down clientserver connection
[2023-07-11T17:54:32.605+0000] {java_gateway.py:1055} ERROR - Exception while sending command.
Traceback (most recent call last):
  File "/home/airflow/.local/lib/python3.10/site-packages/py4j/clientserver.py", line 511, in send_command
    answer = smart_decode(self.stream.readline()[:-1])
  File "/usr/local/lib/python3.10/socket.py", line 705, in readinto
    return self._sock.recv_into(b)
ConnectionResetError: [Errno 104] Connection reset by peer

During handling of the above exception, another exception occurred:

Traceback (most recent call last):
  File "/home/airflow/.local/lib/python3.10/site-packages/py4j/java_gateway.py", line 1038, in send_command
    response = connection.send_command(command)
  File "/home/airflow/.local/lib/python3.10/site-packages/py4j/clientserver.py", line 539, in send_command
    raise Py4JNetworkError(
py4j.protocol.Py4JNetworkError: Error while sending or receiving
[2023-07-11T17:54:32.605+0000] {clientserver.py:543} INFO - Closing down clientserver connection
[2023-07-11T17:54:32.605+0000] {logging_mixin.py:149} INFO - Error in reading oracle table by query: An error occurred while calling o64.read
[2023-07-11T17:54:32.605+0000] {logging_mixin.py:149} INFO - Could not get min count: 'NoneType' object has no attribute 'head'
[2023-07-11T17:54:32.606+0000] {logging_mixin.py:149} INFO - Attempting to get max value by column ID on table PR_LRS.COUNTY_PARAMTR_ADMIN
[2023-07-11T17:54:32.606+0000] {logging_mixin.py:149} INFO - Attempting to read oracle table by query...
[2023-07-11T17:54:32.606+0000] {clientserver.py:543} INFO - Closing down clientserver connection
[2023-07-11T17:54:32.606+0000] {clientserver.py:543} INFO - Closing down clientserver connection
[2023-07-11T17:54:32.606+0000] {clientserver.py:543} INFO - Closing down clientserver connection
[2023-07-11T17:54:32.606+0000] {clientserver.py:543} INFO - Closing down clientserver connection
[2023-07-11T17:54:32.606+0000] {clientserver.py:543} INFO - Closing down clientserver connection
[2023-07-11T17:54:32.606+0000] {logging_mixin.py:149} INFO - Error in reading oracle table by query: [Errno 111] Connection refused
[2023-07-11T17:54:32.606+0000] {clientserver.py:543} INFO - Closing down clientserver connection
[2023-07-11T17:54:32.606+0000] {logging_mixin.py:149} INFO - Could not get max count: 'NoneType' object has no attribute 'head'
[2023-07-11T17:54:32.606+0000] {SparkOracle2FileStore.py:101} INFO - could not reliablily get upper and lower bounds of table PR_LRS.COUNTY_PARAMTR_ADMIN, reading without partition 
[2023-07-11T17:54:32.606+0000] {logging_mixin.py:149} INFO - Attempting to read oracle table...
[2023-07-11T17:54:32.607+0000] {clientserver.py:543} INFO - Closing down clientserver connection
[2023-07-11T17:54:32.607+0000] {clientserver.py:543} INFO - Closing down clientserver connection
[2023-07-11T17:54:32.607+0000] {clientserver.py:543} INFO - Closing down clientserver connection
[2023-07-11T17:54:32.607+0000] {logging_mixin.py:149} INFO - Read on oracle table failed: [Errno 111] Connection refused
[2023-07-11T17:54:32.607+0000] {clientserver.py:543} INFO - Closing down clientserver connection
[2023-07-11T17:54:32.607+0000] {SparkOracle2FileStore.py:111} INFO - Filter Processor Disabled
[2023-07-11T17:54:32.607+0000] {logging_mixin.py:149} INFO - Attempting to read oracle rowcount by query...
[2023-07-11T17:54:32.607+0000] {clientserver.py:543} INFO - Closing down clientserver connection
[2023-07-11T17:54:32.607+0000] {clientserver.py:543} INFO - Closing down clientserver connection
[2023-07-11T17:54:32.607+0000] {clientserver.py:543} INFO - Closing down clientserver connection
[2023-07-11T17:54:32.607+0000] {logging_mixin.py:149} INFO - Error in reading oracle table by rowcount: [Errno 111] Connection refused
[2023-07-11T17:54:32.607+0000] {clientserver.py:543} INFO - Closing down clientserver connection
[2023-07-11T17:54:32.607+0000] {SparkOracle2FileStore.py:114} INFO - None
[2023-07-11T17:54:32.607+0000] {logging_mixin.py:149} INFO - Attempting to read oracle rowcount by query...
[2023-07-11T17:54:32.607+0000] {clientserver.py:543} INFO - Closing down clientserver connection
[2023-07-11T17:54:32.608+0000] {clientserver.py:543} INFO - Closing down clientserver connection
[2023-07-11T17:54:32.608+0000] {clientserver.py:543} INFO - Closing down clientserver connection
[2023-07-11T17:54:32.608+0000] {logging_mixin.py:149} INFO - Error in reading oracle table by rowcount: [Errno 111] Connection refused
[2023-07-11T17:54:32.608+0000] {clientserver.py:543} INFO - Closing down clientserver connection
[2023-07-11T17:54:32.608+0000] {logging_mixin.py:149} INFO - Checking if directory exists:/home/nicholas/dev/output/COUNTY_PARAMTR_ADMIN
[2023-07-11T17:54:32.608+0000] {clientserver.py:543} INFO - Closing down clientserver connection
[2023-07-11T17:54:32.608+0000] {logging_mixin.py:149} INFO - Returning False
[2023-07-11T17:54:32.608+0000] {SparkOracle2FileStore.py:176} INFO - Should not go in here if table dir exists
[2023-07-11T17:54:32.608+0000] {logging_mixin.py:149} INFO - Error in writing dataframe:'NoneType' object has no attribute 'write'
[2023-07-11T17:54:32.608+0000] {SparkOracle2FileStore.py:194} INFO - Error Processing Table PR_LRS.COUNTY_PARAMTR_ADMIN:'NoneType' object has no attribute 'unpersist'
[2023-07-11T17:54:32.608+0000] {SparkOracle2FileStore.py:91} INFO - processing 3 out of 22
[2023-07-11T17:54:32.608+0000] {logging_mixin.py:149} INFO - Attempting to get lowest value by column ID on table PR_LRS.OCAT
[2023-07-11T17:54:32.608+0000] {logging_mixin.py:149} INFO - Attempting to read oracle table by query...
[2023-07-11T17:54:32.608+0000] {clientserver.py:543} INFO - Closing down clientserver connection
[2023-07-11T17:54:32.609+0000] {clientserver.py:543} INFO - Closing down clientserver connection
[2023-07-11T17:54:32.609+0000] {clientserver.py:543} INFO - Closing down clientserver connection
[2023-07-11T17:54:32.609+0000] {logging_mixin.py:149} INFO - Error in reading oracle table by query: [Errno 111] Connection refused
[2023-07-11T17:54:32.609+0000] {clientserver.py:543} INFO - Closing down clientserver connection
[2023-07-11T17:54:32.609+0000] {logging_mixin.py:149} INFO - Could not get min count: 'NoneType' object has no attribute 'head'
[2023-07-11T17:54:32.609+0000] {logging_mixin.py:149} INFO - Attempting to get max value by column ID on table PR_LRS.OCAT
[2023-07-11T17:54:32.609+0000] {logging_mixin.py:149} INFO - Attempting to read oracle table by query...
[2023-07-11T17:54:32.609+0000] {clientserver.py:543} INFO - Closing down clientserver connection
[2023-07-11T17:54:32.609+0000] {clientserver.py:543} INFO - Closing down clientserver connection
[2023-07-11T17:54:32.609+0000] {clientserver.py:543} INFO - Closing down clientserver connection
[2023-07-11T17:54:32.609+0000] {logging_mixin.py:149} INFO - Error in reading oracle table by query: [Errno 111] Connection refused
[2023-07-11T17:54:32.609+0000] {clientserver.py:543} INFO - Closing down clientserver connection
[2023-07-11T17:54:32.609+0000] {logging_mixin.py:149} INFO - Could not get max count: 'NoneType' object has no attribute 'head'
[2023-07-11T17:54:32.609+0000] {SparkOracle2FileStore.py:101} INFO - could not reliablily get upper and lower bounds of table PR_LRS.OCAT, reading without partition 
[2023-07-11T17:54:32.609+0000] {clientserver.py:543} INFO - Closing down clientserver connection
[2023-07-11T17:54:32.610+0000] {logging_mixin.py:149} INFO - Attempting to read oracle table...
[2023-07-11T17:54:32.610+0000] {clientserver.py:543} INFO - Closing down clientserver connection
[2023-07-11T17:54:32.610+0000] {clientserver.py:543} INFO - Closing down clientserver connection
[2023-07-11T17:54:32.610+0000] {clientserver.py:543} INFO - Closing down clientserver connection
[2023-07-11T17:54:32.610+0000] {logging_mixin.py:149} INFO - Read on oracle table failed: [Errno 111] Connection refused
[2023-07-11T17:54:32.610+0000] {clientserver.py:543} INFO - Closing down clientserver connection
[2023-07-11T17:54:32.610+0000] {SparkOracle2FileStore.py:111} INFO - Filter Processor Disabled
[2023-07-11T17:54:32.610+0000] {logging_mixin.py:149} INFO - Attempting to read oracle rowcount by query...
[2023-07-11T17:54:32.610+0000] {clientserver.py:543} INFO - Closing down clientserver connection
[2023-07-11T17:54:32.610+0000] {clientserver.py:543} INFO - Closing down clientserver connection
[2023-07-11T17:54:32.610+0000] {clientserver.py:543} INFO - Closing down clientserver connection
[2023-07-11T17:54:32.611+0000] {logging_mixin.py:149} INFO - Error in reading oracle table by rowcount: [Errno 111] Connection refused
[2023-07-11T17:54:32.611+0000] {clientserver.py:543} INFO - Closing down clientserver connection
[2023-07-11T17:54:32.611+0000] {SparkOracle2FileStore.py:114} INFO - None
[2023-07-11T17:54:32.611+0000] {logging_mixin.py:149} INFO - Attempting to read oracle rowcount by query...
[2023-07-11T17:54:32.611+0000] {clientserver.py:543} INFO - Closing down clientserver connection
[2023-07-11T17:54:32.611+0000] {clientserver.py:543} INFO - Closing down clientserver connection
[2023-07-11T17:54:32.611+0000] {clientserver.py:543} INFO - Closing down clientserver connection
[2023-07-11T17:54:32.611+0000] {clientserver.py:543} INFO - Closing down clientserver connection
[2023-07-11T17:54:32.611+0000] {clientserver.py:543} INFO - Closing down clientserver connection
[2023-07-11T17:54:32.611+0000] {logging_mixin.py:149} INFO - Error in reading oracle table by rowcount: [Errno 111] Connection refused
[2023-07-11T17:54:32.611+0000] {clientserver.py:543} INFO - Closing down clientserver connection
[2023-07-11T17:54:32.611+0000] {logging_mixin.py:149} INFO - Checking if directory exists:/home/nicholas/dev/output/OCAT
[2023-07-11T17:54:32.611+0000] {clientserver.py:543} INFO - Closing down clientserver connection
[2023-07-11T17:54:32.611+0000] {clientserver.py:543} INFO - Closing down clientserver connection
[2023-07-11T17:54:32.612+0000] {logging_mixin.py:149} INFO - Returning True
[2023-07-11T17:54:32.612+0000] {SparkOracle2FileStore.py:128} INFO - Should go in here if table dir exists
[2023-07-11T17:54:32.612+0000] {clientserver.py:543} INFO - Closing down clientserver connection
[2023-07-11T17:54:32.612+0000] {clientserver.py:543} INFO - Closing down clientserver connection
[2023-07-11T17:54:32.612+0000] {clientserver.py:543} INFO - Closing down clientserver connection
[2023-07-11T17:54:32.612+0000] {clientserver.py:543} INFO - Closing down clientserver connection
[2023-07-11T17:54:32.612+0000] {logging_mixin.py:149} INFO - Error in reading dataframe:[Errno 111] Connection refused
[2023-07-11T17:54:32.612+0000] {clientserver.py:543} INFO - Closing down clientserver connection
[2023-07-11T17:54:32.612+0000] {logging_mixin.py:149} INFO - Error in writing dataframe:'NoneType' object has no attribute 'write'
[2023-07-11T17:54:32.612+0000] {SparkOracle2FileStore.py:134} INFO - Table write error, skipping table
[2023-07-11T17:54:32.612+0000] {python.py:183} INFO - Done. Returned value was: None
[2023-07-11T17:54:32.613+0000] {clientserver.py:543} INFO - Closing down clientserver connection
[2023-07-11T17:54:32.613+0000] {clientserver.py:543} INFO - Closing down clientserver connection
[2023-07-11T17:54:32.613+0000] {clientserver.py:543} INFO - Closing down clientserver connection
[2023-07-11T17:54:32.613+0000] {clientserver.py:543} INFO - Closing down clientserver connection
[2023-07-11T17:54:32.613+0000] {clientserver.py:543} INFO - Closing down clientserver connection
[2023-07-11T17:54:32.613+0000] {clientserver.py:543} INFO - Closing down clientserver connection
[2023-07-11T17:54:32.613+0000] {clientserver.py:543} INFO - Closing down clientserver connection
[2023-07-11T17:54:32.613+0000] {clientserver.py:543} INFO - Closing down clientserver connection
[2023-07-11T17:54:32.613+0000] {clientserver.py:543} INFO - Closing down clientserver connection
[2023-07-11T17:54:32.614+0000] {clientserver.py:543} INFO - Closing down clientserver connection
[2023-07-11T17:54:32.614+0000] {clientserver.py:543} INFO - Closing down clientserver connection
[2023-07-11T17:54:32.614+0000] {clientserver.py:543} INFO - Closing down clientserver connection
[2023-07-11T17:54:32.614+0000] {clientserver.py:543} INFO - Closing down clientserver connection
[2023-07-11T17:54:32.614+0000] {clientserver.py:543} INFO - Closing down clientserver connection
[2023-07-11T17:54:32.614+0000] {clientserver.py:543} INFO - Closing down clientserver connection
[2023-07-11T17:54:32.614+0000] {clientserver.py:543} INFO - Closing down clientserver connection
[2023-07-11T17:54:32.614+0000] {clientserver.py:543} INFO - Closing down clientserver connection
[2023-07-11T17:54:32.614+0000] {clientserver.py:543} INFO - Closing down clientserver connection
[2023-07-11T17:54:32.614+0000] {clientserver.py:543} INFO - Closing down clientserver connection
[2023-07-11T17:54:32.614+0000] {clientserver.py:543} INFO - Closing down clientserver connection
[2023-07-11T17:54:32.614+0000] {clientserver.py:543} INFO - Closing down clientserver connection
[2023-07-11T17:54:32.614+0000] {clientserver.py:543} INFO - Closing down clientserver connection
[2023-07-11T17:54:32.614+0000] {clientserver.py:543} INFO - Closing down clientserver connection
[2023-07-11T17:54:32.614+0000] {clientserver.py:543} INFO - Closing down clientserver connection
[2023-07-11T17:54:32.614+0000] {clientserver.py:543} INFO - Closing down clientserver connection
[2023-07-11T17:54:32.614+0000] {clientserver.py:543} INFO - Closing down clientserver connection
[2023-07-11T17:54:32.614+0000] {clientserver.py:543} INFO - Closing down clientserver connection
[2023-07-11T17:54:32.614+0000] {clientserver.py:543} INFO - Closing down clientserver connection
[2023-07-11T17:54:32.614+0000] {clientserver.py:543} INFO - Closing down clientserver connection
[2023-07-11T17:54:32.614+0000] {clientserver.py:543} INFO - Closing down clientserver connection
[2023-07-11T17:54:32.614+0000] {clientserver.py:543} INFO - Closing down clientserver connection
[2023-07-11T17:54:32.614+0000] {clientserver.py:543} INFO - Closing down clientserver connection
[2023-07-11T17:54:32.614+0000] {clientserver.py:543} INFO - Closing down clientserver connection
[2023-07-11T17:54:32.614+0000] {clientserver.py:543} INFO - Closing down clientserver connection
[2023-07-11T17:54:32.615+0000] {clientserver.py:543} INFO - Closing down clientserver connection
[2023-07-11T17:54:32.615+0000] {clientserver.py:543} INFO - Closing down clientserver connection
[2023-07-11T17:54:32.615+0000] {clientserver.py:543} INFO - Closing down clientserver connection
[2023-07-11T17:54:32.615+0000] {clientserver.py:543} INFO - Closing down clientserver connection
[2023-07-11T17:54:32.615+0000] {clientserver.py:543} INFO - Closing down clientserver connection
[2023-07-11T17:54:32.615+0000] {clientserver.py:543} INFO - Closing down clientserver connection
[2023-07-11T17:54:32.615+0000] {clientserver.py:543} INFO - Closing down clientserver connection
[2023-07-11T17:54:32.615+0000] {clientserver.py:543} INFO - Closing down clientserver connection
[2023-07-11T17:54:32.615+0000] {clientserver.py:543} INFO - Closing down clientserver connection
[2023-07-11T17:54:32.615+0000] {clientserver.py:543} INFO - Closing down clientserver connection
[2023-07-11T17:54:32.615+0000] {clientserver.py:543} INFO - Closing down clientserver connection
[2023-07-11T17:54:32.615+0000] {clientserver.py:543} INFO - Closing down clientserver connection
[2023-07-11T17:54:32.615+0000] {clientserver.py:543} INFO - Closing down clientserver connection
[2023-07-11T17:54:32.615+0000] {clientserver.py:543} INFO - Closing down clientserver connection
[2023-07-11T17:54:32.615+0000] {clientserver.py:543} INFO - Closing down clientserver connection
[2023-07-11T17:54:32.615+0000] {clientserver.py:543} INFO - Closing down clientserver connection
[2023-07-11T17:54:32.615+0000] {clientserver.py:543} INFO - Closing down clientserver connection
[2023-07-11T17:54:32.615+0000] {clientserver.py:543} INFO - Closing down clientserver connection
[2023-07-11T17:54:32.615+0000] {clientserver.py:543} INFO - Closing down clientserver connection
[2023-07-11T17:54:32.616+0000] {clientserver.py:543} INFO - Closing down clientserver connection
[2023-07-11T17:54:32.616+0000] {clientserver.py:543} INFO - Closing down clientserver connection
[2023-07-11T17:54:32.616+0000] {clientserver.py:543} INFO - Closing down clientserver connection
[2023-07-11T17:54:32.616+0000] {clientserver.py:543} INFO - Closing down clientserver connection
[2023-07-11T17:54:32.616+0000] {clientserver.py:543} INFO - Closing down clientserver connection
[2023-07-11T17:54:32.616+0000] {clientserver.py:543} INFO - Closing down clientserver connection
[2023-07-11T17:54:32.616+0000] {clientserver.py:543} INFO - Closing down clientserver connection
[2023-07-11T17:54:32.617+0000] {clientserver.py:543} INFO - Closing down clientserver connection
[2023-07-11T17:54:32.617+0000] {clientserver.py:543} INFO - Closing down clientserver connection
[2023-07-11T17:54:32.617+0000] {clientserver.py:543} INFO - Closing down clientserver connection
[2023-07-11T17:54:32.617+0000] {clientserver.py:543} INFO - Closing down clientserver connection
[2023-07-11T17:54:32.617+0000] {clientserver.py:543} INFO - Closing down clientserver connection
[2023-07-11T17:54:32.617+0000] {clientserver.py:543} INFO - Closing down clientserver connection
[2023-07-11T17:54:32.617+0000] {clientserver.py:543} INFO - Closing down clientserver connection
[2023-07-11T17:54:32.618+0000] {taskinstance.py:1345} INFO - Marking task as SUCCESS. dag_id=Oracle_to_Filestore_Concurrent, task_id=execute_task2, execution_date=20230711T175305, start_date=20230711T175306, end_date=20230711T175432
[2023-07-11T17:54:32.640+0000] {process_utils.py:79} INFO - Process psutil.Process(pid=63, status='terminated', exitcode=0, started='17:53:06') (63) terminated with exit code 0
[2023-07-11T17:54:32.641+0000] {process_utils.py:79} INFO - Process psutil.Process(pid=66, status='terminated', started='17:53:06') (66) terminated with exit code None
